<?xml version="1.0" encoding="UTF-8"?>
<testsuite xmlns:xsi="http://www.w3.org/2001/XMLSchema-instance" xsi:noNamespaceSchemaLocation="https://maven.apache.org/surefire/maven-surefire-plugin/xsd/surefire-test-report.xsd" name="TestSuite" time="1.012" tests="2" errors="0" skipped="0" failures="1">
  <properties>
    <property name="sun.desktop" value="windows"/>
    <property name="awt.toolkit" value="sun.awt.windows.WToolkit"/>
    <property name="java.specification.version" value="10"/>
    <property name="file.encoding.pkg" value="sun.io"/>
    <property name="sun.cpu.isalist" value="amd64"/>
    <property name="sun.jnu.encoding" value="Cp1252"/>
    <property name="java.class.path" value="E:\dev\testng\oksana-chuiko\testng-maven\target\test-classes;E:\dev\testng\oksana-chuiko\testng-maven\target\classes;C:\Users\nik16\.m2\repository\org\testng\testng\6.14.2\testng-6.14.2.jar;C:\Users\nik16\.m2\repository\com\beust\jcommander\1.72\jcommander-1.72.jar;C:\Users\nik16\.m2\repository\org\apache-extras\beanshell\bsh\2.0b6\bsh-2.0b6.jar;C:\Users\nik16\.m2\repository\org\apache\maven\surefire\surefire-testng-utils\2.21.0\surefire-testng-utils-2.21.0.jar;C:\Users\nik16\.m2\repository\org\apache\maven\surefire\surefire-grouper\2.21.0\surefire-grouper-2.21.0.jar;"/>
    <property name="java.vm.vendor" value="&quot;Oracle Corporation&quot;"/>
    <property name="sun.arch.data.model" value="64"/>
    <property name="user.variant" value=""/>
    <property name="java.vendor.url" value="http://java.oracle.com/"/>
    <property name="user.timezone" value=""/>
    <property name="java.vm.specification.version" value="10"/>
    <property name="os.name" value="Windows 10"/>
    <property name="sun.java.launcher" value="SUN_STANDARD"/>
    <property name="user.country" value="US"/>
    <property name="sun.boot.library.path" value="E:\Programs\Java\jdk-10\bin"/>
    <property name="sun.java.command" value="C:\Users\nik16\AppData\Local\Temp\surefire18380217406481861572\surefirebooter6852569357374406905.jar C:\Users\nik16\AppData\Local\Temp\surefire18380217406481861572 2018-04-01T14-43-39_307-jvmRun1 surefire13449779811290494496tmp surefire_01106986630762443634tmp"/>
    <property name="jdk.debug" value="release"/>
    <property name="surefire.test.class.path" value="E:\dev\testng\oksana-chuiko\testng-maven\target\test-classes;E:\dev\testng\oksana-chuiko\testng-maven\target\classes;C:\Users\nik16\.m2\repository\org\testng\testng\6.14.2\testng-6.14.2.jar;C:\Users\nik16\.m2\repository\com\beust\jcommander\1.72\jcommander-1.72.jar;C:\Users\nik16\.m2\repository\org\apache-extras\beanshell\bsh\2.0b6\bsh-2.0b6.jar;C:\Users\nik16\.m2\repository\org\apache\maven\surefire\surefire-testng-utils\2.21.0\surefire-testng-utils-2.21.0.jar;C:\Users\nik16\.m2\repository\org\apache\maven\surefire\surefire-grouper\2.21.0\surefire-grouper-2.21.0.jar;"/>
    <property name="sun.cpu.endian" value="little"/>
    <property name="user.home" value="C:\Users\nik16"/>
    <property name="user.language" value="en"/>
    <property name="java.specification.vendor" value="Oracle Corporation"/>
    <property name="java.version.date" value="2018-03-20"/>
    <property name="java.home" value="E:\Programs\Java\jdk-10"/>
    <property name="file.separator" value="\"/>
    <property name="basedir" value="E:\dev\testng\oksana-chuiko\testng-maven"/>
    <property name="java.vm.compressedOopsMode" value="32-bit"/>
    <property name="line.separator" value="&#10;"/>
    <property name="java.specification.name" value="Java Platform API Specification"/>
    <property name="java.vm.specification.vendor" value="Oracle Corporation"/>
    <property name="java.awt.graphicsenv" value="sun.awt.Win32GraphicsEnvironment"/>
    <property name="surefire.real.class.path" value="C:\Users\nik16\AppData\Local\Temp\surefire18380217406481861572\surefirebooter6852569357374406905.jar"/>
    <property name="user.script" value=""/>
    <property name="sun.management.compiler" value="HotSpot 64-Bit Tiered Compilers"/>
    <property name="java.runtime.version" value="10+46"/>
    <property name="user.name" value="nik16"/>
    <property name="path.separator" value=";"/>
    <property name="os.version" value="10.0"/>
    <property name="java.runtime.name" value="Java(TM) SE Runtime Environment"/>
    <property name="file.encoding" value="Cp1252"/>
    <property name="java.vm.name" value="Java HotSpot(TM) 64-Bit Server VM"/>
    <property name="java.vendor.version" value="18.3"/>
    <property name="localRepository" value="C:\Users\nik16\.m2\repository"/>
    <property name="java.vendor.url.bug" value="http://bugreport.java.com/bugreport/"/>
    <property name="java.io.tmpdir" value="C:\Users\nik16\AppData\Local\Temp\"/>
    <property name="idea.version" value="2018.1"/>
    <property name="java.version" value="10"/>
    <property name="user.dir" value="E:\dev\testng\oksana-chuiko\testng-maven"/>
    <property name="os.arch" value="amd64"/>
    <property name="java.vm.specification.name" value="Java Virtual Machine Specification"/>
    <property name="java.awt.printerjob" value="sun.awt.windows.WPrinterJob"/>
    <property name="sun.os.patch.level" value=""/>
    <property name="java.library.path" value="E:\Programs\Java\jdk-10\bin;C:\WINDOWS\Sun\Java\bin;C:\WINDOWS\system32;C:\WINDOWS;C:\ProgramData\Oracle\Java\javapath;E:\Programs\Python\Python36-32\Scripts\;E:\Programs\Python\Python36-32\;C:\WINDOWS\system32;C:\WINDOWS;C:\WINDOWS\System32\Wbem;C:\WINDOWS\System32\WindowsPowerShell\v1.0\;E:\Programs\Git\cmd;E:\Programs\Brackets\command;E:\Programs\Skype\Phone\;E:\Programs\Yarn\bin;C:\Program Files (x86)\NVIDIA Corporation\PhysX\Common;E:\Programs\nodejs\;E:\OSPanel\modules\php\PHP-7.2;C:\ProgramData\ComposerSetup\bin;C:\Users\nik16\AppData\Roaming\Composer\vendor\bin;C:\Program Files (x86)\GtkSharp\2.12\bin;E:\Programs\apache-maven-3.5.3-bin\apache-maven-3.5.3\bin;E:\Programs\Microsoft VS Code\bin;C:\Users\nik16\AppData\Local\Microsoft\WindowsApps;C:\Users\nik16\AppData\Local\Yarn\bin;C:\Users\nik16\AppData\Roaming\npm;C:\Users\nik16\AppData\Roaming\Composer\vendor\bin;."/>
    <property name="java.vendor" value="Oracle Corporation"/>
    <property name="java.vm.info" value="mixed mode"/>
    <property name="java.vm.version" value="10+46"/>
    <property name="sun.io.unicode.encoding" value="UnicodeLittle"/>
    <property name="java.class.version" value="54.0"/>
  </properties>
  <testcase name="first" classname="samples.SampleTest" time="0.006"/>
  <testcase name="second" classname="samples.SampleTest" time="0.089">
    <failure message="expected [1] but found [2]" type="java.lang.AssertionError">java.lang.AssertionError: expected [1] but found [2]
	at samples.SampleTest.second(SampleTest.java:15)
</failure>
    <system-out><![CDATA[web
]]></system-out>
  </testcase>
</testsuite>